Arguments: 
  C:\Program Files\nodejs\node.exe C:\Users\DELL\AppData\Roaming\npm\node_modules\yarn\bin\yarn.js add vuepress-plugin-cursor-effects -D

PATH: 
  D:\app\DELL\product\11.2.0\client_1\bin;C:\Windows\system32;C:\Windows;C:\Windows\System32\Wbem;C:\Windows\System32\WindowsPowerShell\v1.0\;C:\Windows\System32\OpenSSH\;C:\Program Files (x86)\NVIDIA Corporation\PhysX\Common;C:\Program Files\NVIDIA Corporation\NVIDIA NvDLISR;C:\Program Files\dotnet\;C:\Program Files\Microsoft SQL Server\130\Tools\Binn\;C:\Program Files\Microsoft SQL Server\Client SDK\ODBC\170\Tools\Binn\;C:\Program Files\TortoiseSVN\bin;C:\Program Files\Git\cmd;C:\Program Files\nodejs\;%SystemRoot%\system32;%SystemRoot%;%SystemRoot%\System32\Wbem;%SYSTEMROOT%\System32\WindowsPowerShell\v1.0\;%SYSTEMROOT%\System32\OpenSSH\;C:\Users\DELL\AppData\Local\Microsoft\WindowsApps;C:\Users\DELL\AppData\Local\Programs\Microsoft VS Code\bin;E:\Microsoft VS Code\bin;C:\Users\DELL\AppData\Roaming\npm;

Yarn version: 
  1.22.17

Node version: 
  14.15.1

Platform: 
  win32 x64

Trace: 
  Error: ENOENT: no such file or directory, copyfile 'C:\Users\DELL\AppData\Local\Yarn\Cache\v6\npm-ms-2.1.2-d09d1f357b443f493382a8eb3ccd183872ae6009-integrity\node_modules\ms\index.js' -> 'D:\XWH\test\persona-blog\jay_blog\node_modules\@babel\core\node_modules\ms\index.js'

npm manifest: 
  {
    "name": "jay",
    "version": "1.0.0",
    "author": "reco_luan",
    "scripts": {
      "dev": "vuepress dev .",
      "build": "vuepress build",
      "push": "deploy.sh"
    },
    "devDependencies": {
      "vuepress": "1.8.2",
      "vuepress-plugin-boxx": "0.0.7",
      "vuepress-plugin-meting": "^0.3.1",
      "vuepress-theme-reco": "1.6.6"
    },
    "description": ""
  }

yarn manifest: 
  No manifest

Lockfile: 
  No lockfile
